# JRE version: Java(TM) SE Runtime Environment (8.0_40-b25) (build 1.8.0_40-b25)
# Java VM: Java HotSpot(TM) 64-Bit Server VM (25.40-b25 mixed mode windows-amd64 compressed oops)
Heap:
 PSYoungGen      total 305152K, used 9155K [0x00000000eab00000, 0x00000000fec00000, 0x0000000100000000)
  eden space 303104K, 3% used [0x00000000eab00000,0x00000000eb3f0dc0,0x00000000fd300000)
  from space 2048K, 0% used [0x00000000fd300000,0x00000000fd300000,0x00000000fd500000)
  to   space 12800K, 0% used [0x00000000fdf80000,0x00000000fdf80000,0x00000000fec00000)
 ParOldGen       total 96768K, used 47805K [0x00000000c0000000, 0x00000000c5e80000, 0x00000000eab00000)
  object space 96768K, 49% used [0x00000000c0000000,0x00000000c2eaf7d8,0x00000000c5e80000)
 Metaspace       used 62953K, capacity 71882K, committed 72192K, reserved 1110016K
  class space    used 8215K, capacity 10816K, committed 11008K, reserved 1048576K
GC Heap History (10 events):
Event: 23805.113 GC heap before
{Heap before GC invocations=94 (full 39):
 PSYoungGen      total 306176K, used 2902K [0x00000000eab00000, 0x00000000fee00000, 0x0000000100000000)
  eden space 303104K, 0% used [0x00000000eab00000,0x00000000eab00000,0x00000000fd300000)
  from space 3072K, 94% used [0x00000000fd300000,0x00000000fd5d5a70,0x00000000fd600000)
  to   space 13824K, 0% used [0x00000000fe080000,0x00000000fe080000,0x00000000fee00000)
 ParOldGen       total 96768K, used 47736K [0x00000000c0000000, 0x00000000c5e80000, 0x00000000eab00000)
  object space 96768K, 49% used [0x00000000c0000000,0x00000000c2e9e2d8,0x00000000c5e80000)
 Metaspace       used 62811K, capacity 71476K, committed 71808K, reserved 1110016K
  class space    used 8193K, capacity 10714K, committed 10880K, reserved 1048576K
Event: 23805.303 GC heap after
Heap after GC invocations=94 (full 39):
 PSYoungGen      total 306176K, used 0K [0x00000000eab00000, 0x00000000fee00000, 0x0000000100000000)
  eden space 303104K, 0% used [0x00000000eab00000,0x00000000eab00000,0x00000000fd300000)
  from space 3072K, 0% used [0x00000000fd300000,0x00000000fd300000,0x00000000fd600000)
  to   space 13824K, 0% used [0x00000000fe080000,0x00000000fe080000,0x00000000fee00000)
 ParOldGen       total 96768K, used 49016K [0x00000000c0000000, 0x00000000c5e80000, 0x00000000eab00000)
  object space 96768K, 50% used [0x00000000c0000000,0x00000000c2fde2a8,0x00000000c5e80000)
 Metaspace       used 62811K, capacity 71476K, committed 71808K, reserved 1110016K
  class space    used 8193K, capacity 10714K, committed 10880K, reserved 1048576K
}
Event: 24363.262 GC heap before
{Heap before GC invocations=95 (full 39):
 PSYoungGen      total 306176K, used 128088K [0x00000000eab00000, 0x00000000fee00000, 0x0000000100000000)
  eden space 303104K, 42% used [0x00000000eab00000,0x00000000f28162b8,0x00000000fd300000)
  from space 3072K, 0% used [0x00000000fd300000,0x00000000fd300000,0x00000000fd600000)
  to   space 13824K, 0% used [0x00000000fe080000,0x00000000fe080000,0x00000000fee00000)
 ParOldGen       total 96768K, used 49016K [0x00000000c0000000, 0x00000000c5e80000, 0x00000000eab00000)
  object space 96768K, 50% used [0x00000000c0000000,0x00000000c2fde2a8,0x00000000c5e80000)
 Metaspace       used 62867K, capacity 71590K, committed 71808K, reserved 1110016K
  class space    used 8201K, capacity 10748K, committed 10880K, reserved 1048576K
Event: 24363.269 GC heap after
Heap after GC invocations=95 (full 39):
 PSYoungGen      total 315904K, used 1567K [0x00000000eab00000, 0x00000000fed00000, 0x0000000100000000)
  eden space 303104K, 0% used [0x00000000eab00000,0x00000000eab00000,0x00000000fd300000)
  from space 12800K, 12% used [0x00000000fe080000,0x00000000fe207c50,0x00000000fed00000)
  to   space 13312K, 0% used [0x00000000fd300000,0x00000000fd300000,0x00000000fe000000)
 ParOldGen       total 96768K, used 49024K [0x00000000c0000000, 0x00000000c5e80000, 0x00000000eab00000)
  object space 96768K, 50% used [0x00000000c0000000,0x00000000c2fe02a8,0x00000000c5e80000)
 Metaspace       used 62867K, capacity 71590K, committed 71808K, reserved 1110016K
  class space    used 8201K, capacity 10748K, committed 10880K, reserved 1048576K
}
Event: 24363.269 GC heap before
{Heap before GC invocations=96 (full 40):
 PSYoungGen      total 315904K, used 1567K [0x00000000eab00000, 0x00000000fed00000, 0x0000000100000000)
  eden space 303104K, 0% used [0x00000000eab00000,0x00000000eab00000,0x00000000fd300000)
  from space 12800K, 12% used [0x00000000fe080000,0x00000000fe207c50,0x00000000fed00000)
  to   space 13312K, 0% used [0x00000000fd300000,0x00000000fd300000,0x00000000fe000000)
 ParOldGen       total 96768K, used 49024K [0x00000000c0000000, 0x00000000c5e80000, 0x00000000eab00000)
  object space 96768K, 50% used [0x00000000c0000000,0x00000000c2fe02a8,0x00000000c5e80000)
 Metaspace       used 62867K, capacity 71590K, committed 71808K, reserved 1110016K
  class space    used 8201K, capacity 10748K, committed 10880K, reserved 1048576K
Event: 24363.423 GC heap after
Heap after GC invocations=96 (full 40):
 PSYoungGen      total 315904K, used 0K [0x00000000eab00000, 0x00000000fed00000, 0x0000000100000000)
  eden space 303104K, 0% used [0x00000000eab00000,0x00000000eab00000,0x00000000fd300000)
  from space 12800K, 0% used [0x00000000fe080000,0x00000000fe080000,0x00000000fed00000)
  to   space 13312K, 0% used [0x00000000fd300000,0x00000000fd300000,0x00000000fe000000)
 ParOldGen       total 96768K, used 47753K [0x00000000c0000000, 0x00000000c5e80000, 0x00000000eab00000)
  object space 96768K, 49% used [0x00000000c0000000,0x00000000c2ea2728,0x00000000c5e80000)
 Metaspace       used 62867K, capacity 71590K, committed 71808K, reserved 1110016K
  class space    used 8201K, capacity 10748K, committed 10880K, reserved 1048576K
}
Event: 24483.553 GC heap before
{Heap before GC invocations=97 (full 40):
 PSYoungGen      total 315904K, used 128202K [0x00000000eab00000, 0x00000000fed00000, 0x0000000100000000)
  eden space 303104K, 42% used [0x00000000eab00000,0x00000000f2832bb8,0x00000000fd300000)
  from space 12800K, 0% used [0x00000000fe080000,0x00000000fe080000,0x00000000fed00000)
  to   space 13312K, 0% used [0x00000000fd300000,0x00000000fd300000,0x00000000fe000000)
 ParOldGen       total 96768K, used 47753K [0x00000000c0000000, 0x00000000c5e80000, 0x00000000eab00000)
  object space 96768K, 49% used [0x00000000c0000000,0x00000000c2ea2728,0x00000000c5e80000)
 Metaspace       used 62922K, capacity 71768K, committed 72192K, reserved 1110016K
  class space    used 8209K, capacity 10782K, committed 11008K, reserved 1048576K
Event: 24483.563 GC heap after
Heap after GC invocations=97 (full 40):
 PSYoungGen      total 305152K, used 1599K [0x00000000eab00000, 0x00000000fec00000, 0x0000000100000000)
  eden space 303104K, 0% used [0x00000000eab00000,0x00000000eab00000,0x00000000fd300000)
  from space 2048K, 78% used [0x00000000fd300000,0x00000000fd48fc50,0x00000000fd500000)
  to   space 12800K, 0% used [0x00000000fdf80000,0x00000000fdf80000,0x00000000fec00000)
 ParOldGen       total 96768K, used 47761K [0x00000000c0000000, 0x00000000c5e80000, 0x00000000eab00000)
  object space 96768K, 49% used [0x00000000c0000000,0x00000000c2ea4728,0x00000000c5e80000)
 Metaspace       used 62922K, capacity 71768K, committed 72192K, reserved 1110016K
  class space    used 8209K, capacity 10782K, committed 11008K, reserved 1048576K
}
Event: 24483.564 GC heap before
{Heap before GC invocations=98 (full 41):
 PSYoungGen      total 305152K, used 1599K [0x00000000eab00000, 0x00000000fec00000, 0x0000000100000000)
  eden space 303104K, 0% used [0x00000000eab00000,0x00000000eab00000,0x00000000fd300000)
  from space 2048K, 78% used [0x00000000fd300000,0x00000000fd48fc50,0x00000000fd500000)
  to   space 12800K, 0% used [0x00000000fdf80000,0x00000000fdf80000,0x00000000fec00000)
 ParOldGen       total 96768K, used 47761K [0x00000000c0000000, 0x00000000c5e80000, 0x00000000eab00000)
  object space 96768K, 49% used [0x00000000c0000000,0x00000000c2ea4728,0x00000000c5e80000)
 Metaspace       used 62922K, capacity 71768K, committed 72192K, reserved 1110016K
  class space    used 8209K, capacity 10782K, committed 11008K, reserved 1048576K
Event: 24483.986 GC heap after
Heap after GC invocations=98 (full 41):
 PSYoungGen      total 305152K, used 0K [0x00000000eab00000, 0x00000000fec00000, 0x0000000100000000)
  eden space 303104K, 0% used [0x00000000eab00000,0x00000000eab00000,0x00000000fd300000)
  from space 2048K, 0% used [0x00000000fd300000,0x00000000fd300000,0x00000000fd500000)
  to   space 12800K, 0% used [0x00000000fdf80000,0x00000000fdf80000,0x00000000fec00000)
 ParOldGen       total 96768K, used 47805K [0x00000000c0000000, 0x00000000c5e80000, 0x00000000eab00000)
  object space 96768K, 49% used [0x00000000c0000000,0x00000000c2eaf7d8,0x00000000c5e80000)
 Metaspace       used 62922K, capacity 71768K, committed 72192K, reserved 1110016K
  class space    used 8209K, capacity 10782K, committed 11008K, reserved 1048576K
}

